<?xml version="1.0" encoding="UTF-8"?>
<!-- Generated by org.testng.reporters.JUnitReportReporter -->
<testsuite hostname="DESKTOP-66DS3TN" failures="0" tests="5" name="findingElements.DoubleClickWithActions" time="6.362" errors="0" timestamp="2020-03-01T20:36:21 EET" skipped="4">
  <testcase classname="findingElements.DoubleClickWithActions" name="HandleMulitpleWindows" time="6.362"/>
  <testcase classname="findingElements.DoubleClickWithActions" name="DargAndDrop">
    <skipped/>
  </testcase> <!-- DargAndDrop -->
  <testcase classname="findingElements.DoubleClickWithActions" name="getElements">
    <skipped/>
  </testcase> <!-- getElements -->
  <testcase classname="findingElements.DoubleClickWithActions" name="DoubleClickAction">
    <skipped/>
  </testcase> <!-- DoubleClickAction -->
  <testcase classname="findingElements.DoubleClickWithActions" name="AlertsAction">
    <skipped/>
  </testcase> <!-- AlertsAction -->
</testsuite> <!-- findingElements.DoubleClickWithActions -->
