<?xml version="1.0" encoding="UTF-8"?>
<!-- Generated by org.testng.reporters.JUnitReportReporter -->
<testsuite hostname="DESKTOP-66DS3TN" failures="0" tests="1" name="findingElements.FindElementsByTablesTagName" time="0.080" errors="0" timestamp="2020-02-28T16:23:00 EET" skipped="0">
  <testcase classname="findingElements.FindElementsByTablesTagName" name="getElements" time="0.080"/>
</testsuite> <!-- findingElements.FindElementsByTablesTagName -->
