<?xml version="1.0" encoding="UTF-8"?>
<!-- Generated by org.testng.reporters.JUnitReportReporter -->
<testsuite hostname="DESKTOP-66DS3TN" failures="0" tests="2" name="findingElements.WebTables" time="0.552" errors="0" timestamp="2020-03-01T16:31:51 EET" skipped="1">
  <testcase classname="findingElements.WebTables" name="testifelementisExist" time="0.552"/>
  <testcase classname="findingElements.WebTables" name="getElements">
    <skipped/>
  </testcase> <!-- getElements -->
</testsuite> <!-- findingElements.WebTables -->
