<?xml version="1.0" encoding="UTF-8"?>
<!-- Generated by org.testng.reporters.JUnitReportReporter -->
<testsuite hostname="DESKTOP-66DS3TN" failures="0" tests="1" name="findingElements.FindElementsByID" time="0.067" errors="0" timestamp="2020-02-28T14:42:44 EET" skipped="0">
  <testcase classname="findingElements.FindElementsByID" name="getElements" time="0.067"/>
</testsuite> <!-- findingElements.FindElementsByID -->
