<?xml version="1.0" encoding="UTF-8"?>
<!-- Generated by org.testng.reporters.JUnitReportReporter -->
<testsuite hostname="DESKTOP-66DS3TN" failures="0" tests="1" name="findingElements.TestCookies" time="2.679" errors="0" timestamp="2020-03-02T18:30:57 EET" skipped="0">
  <testcase classname="findingElements.TestCookies" name="testCookies" time="2.679"/>
</testsuite> <!-- findingElements.TestCookies -->
