<?xml version="1.0" encoding="UTF-8"?>
<!-- Generated by org.testng.reporters.JUnitReportReporter -->
<testsuite hostname="DESKTOP-66DS3TN" failures="0" tests="1" name="findingElements.FindElementsByCssSelector" time="2.883" errors="0" timestamp="2020-03-01T12:37:49 EET" skipped="0">
  <testcase classname="findingElements.FindElementsByCssSelector" name="getElements" time="2.883"/>
</testsuite> <!-- findingElements.FindElementsByCssSelector -->
