<?xml version="1.0" encoding="UTF-8"?>
<!-- Generated by org.testng.reporters.JUnitReportReporter -->
<testsuite hostname="DESKTOP-66DS3TN" failures="0" tests="1" name="findingElements.WorkingWithElements" time="0.835" errors="0" timestamp="2020-02-28T21:54:47 EET" skipped="0">
  <testcase classname="findingElements.WorkingWithElements" name="getElements" time="0.835"/>
</testsuite> <!-- findingElements.WorkingWithElements -->
