<?xml version="1.0" encoding="UTF-8"?>
<!-- Generated by org.testng.reporters.JUnitReportReporter -->
<testsuite hostname="DESKTOP-66DS3TN" failures="0" tests="2" name="findingElements.FindElementsByLink" time="0.262" errors="0" timestamp="2020-02-28T20:43:17 EET" skipped="0">
  <testcase classname="findingElements.FindElementsByLink" name="getElements" time="0.080"/>
  <testcase classname="findingElements.FindElementsByLink" name="getElements1" time="0.182"/>
</testsuite> <!-- findingElements.FindElementsByLink -->
