<?xml version="1.0" encoding="UTF-8"?>
<!-- Generated by org.testng.reporters.JUnitReportReporter -->
<testsuite hostname="DESKTOP-66DS3TN" failures="0" tests="1" name="findingElements.CheckBox" time="6.205" errors="0" timestamp="2020-03-01T15:23:19 EET" skipped="0">
  <testcase classname="findingElements.CheckBox" name="getElements" time="6.205"/>
</testsuite> <!-- findingElements.CheckBox -->
