<?xml version="1.0" encoding="UTF-8"?>
<!-- Generated by org.testng.reporters.JUnitReportReporter -->
<testsuite hostname="DESKTOP-66DS3TN" failures="0" tests="1" name="findingElements.FindElementsByClass" time="0.630" errors="0" timestamp="2020-02-28T17:08:39 EET" skipped="0">
  <testcase classname="findingElements.FindElementsByClass" name="getElements" time="0.630"/>
</testsuite> <!-- findingElements.FindElementsByClass -->
